1437306581|/index.php|http://php-2/test/index.php
1437306583|/index.php?id=gbook|http://php-2/index.php
1437307972 | /index.php?id=gbook | http://php-2/index.php?id=gbook
1437307975 | /index.php?id=gbook | http://php-2/index.php?id=gbook
1437307975 | /index.php?id=log | http://php-2/index.php?id=gbook
1437308006 | /index.php?id=log | http://php-2/index.php?id=gbook
1437308044 | /index.php?id=log | http://php-2/index.php?id=gbook
1437308045 | /index.php?id=log | http://php-2/index.php?id=gbook
1437308136 | /index.php?id=log | http://php-2/index.php?id=gbook
1437308725 | /index.php?id=log | http://php-2/index.php?id=gbook
1437308747 | /index.php?id=log | http://php-2/index.php?id=gbook
1437308797 | /index.php?id=log | http://php-2/index.php?id=gbook
1437308806 | /index.php | http://php-2/index.php?id=gbook
1437308833 | /index.php | http://php-2/index.php?id=gbook
1437308844 | /index.php | http://php-2/index.php?id=gbook
1437308865 | /index.php | http://php-2/index.php?id=gbook
1437308867 | /index.php?id=gbook | http://php-2/index.php
1437308868 | /index.php?id=log | http://php-2/index.php?id=gbook
1437393928 | / | 
1437393930 | /index.php?id=gbook | http://php-2/
1437395679 | / | 
1437395682 | /index.php?id=gbook | http://php-2/
1437395704 | /index.php?id=gbook | http://php-2/index.php?id=gbook
1437395951 | /index.php?id=gbook | http://php-2/index.php?id=gbook
1437395981 | /index.php?id=gbook | http://php-2/index.php?id=gbook
1437396006 | /index.php?id=gbook | http://php-2/index.php?id=gbook
1437396026 | /index.php?id=gbook | http://php-2/index.php?id=gbook
1437396027 | /index.php?id=2&del=1 | http://php-2/index.php?id=gbook
1437396034 | /index.php?id=gbook | http://php-2/index.php?id=2&del=1
1437396068 | /index.php?id=gbook | http://php-2/index.php?id=2&del=1
1437396073 | /index.php?id=gbook&del=2 | http://php-2/index.php?id=gbook
1437396108 | /index.php?id=gbook&del=2 | http://php-2/index.php?id=gbook&del=2
1437396129 | /index.php?id=gbook&del=2 | http://php-2/index.php?id=gbook&del=2
1437396148 | /index.php?id=gbook&del=2 | http://php-2/index.php?id=gbook&del=2
1437468572 | / | 
1437554104 | / | 
1437571361 | / | 
1437571363 | /index.php?id=gbook | http://php-2/
1437576948 | / | 
